<?xml version="1.0" encoding="UTF-8"?>
<robot generator="Robot 7.4.2 (Python 3.14.0 on win32)" generated="2026-04-08T20:39:00.257015" rpa="false" schemaversion="5">
<suite id="s1" name="Epc Tests" source="C:\Users\micha\Desktop\PROJECTS\TO_Tests\epc_tests.robot">
<kw name="Create Session" owner="RequestsLibrary" type="SETUP">
<msg time="2026-04-08T20:39:00.447414" level="INFO">Creating Session using : alias=epc, url=http://localhost:8000, headers={},                     cookies={}, auth=None, timeout=None, proxies=None, verify=False,                     debug=0 </msg>
<arg>epc</arg>
<arg>http://localhost:8000</arg>
<doc>Create Session: create a HTTP session to a server</doc>
<status status="PASS" start="2026-04-08T20:39:00.447262" elapsed="0.000337"/>
</kw>
<test id="s1-t1" name="AC1 - Verify UE can be attached" line="9">
<kw name="Reset Simulator" type="SETUP">
<kw name="POST On Session" owner="RequestsLibrary">
<msg time="2026-04-08T20:39:00.459703" level="INFO">POST Request : url=http://localhost:8000/reset 
 path_url=/reset 
 headers={'User-Agent': 'python-requests/2.33.1', 'Accept-Encoding': 'gzip, deflate, zstd', 'Accept': '*/*', 'Connection': 'keep-alive', 'Content-Length': '0'} 
 body=None 
 </msg>
<msg time="2026-04-08T20:39:00.459817" level="INFO">POST Response : url=http://localhost:8000/reset 
 status=200, reason=OK 
 headers={'date': 'Wed, 08 Apr 2026 18:39:00 GMT', 'server': 'uvicorn', 'content-length': '18', 'content-type': 'application/json'} 
 body={"status":"reset"} 
 </msg>
<msg time="2026-04-08T20:39:00.459954" level="INFO">${response} = &lt;Response [200]&gt;</msg>
<var>${response}</var>
<arg>epc</arg>
<arg>/reset</arg>
<doc>Sends a POST request on a previously created HTTP Session.</doc>
<status status="PASS" start="2026-04-08T20:39:00.448479" elapsed="0.011507"/>
</kw>
<kw name="Should Be Equal As Integers" owner="BuiltIn">
<msg time="2026-04-08T20:39:00.460714" level="INFO">Argument types are:
&lt;class 'int'&gt;
&lt;class 'str'&gt;</msg>
<arg>${response.status_code}</arg>
<arg>200</arg>
<doc>Fails if objects are unequal after converting them to integers.</doc>
<status status="PASS" start="2026-04-08T20:39:00.460134" elapsed="0.000644"/>
</kw>
<status status="PASS" start="2026-04-08T20:39:00.448248" elapsed="0.012601"/>
</kw>
<kw name="Attach UE">
<kw name="Create Dictionary" owner="BuiltIn">
<msg time="2026-04-08T20:39:00.461982" level="INFO">${body} = {'ue_id': 1}</msg>
<var>${body}</var>
<arg>ue_id=${1}</arg>
<doc>Creates and returns a dictionary based on the given ``items``.</doc>
<status status="PASS" start="2026-04-08T20:39:00.461427" elapsed="0.000584"/>
</kw>
<kw name="POST On Session" owner="RequestsLibrary">
<msg time="2026-04-08T20:39:00.514692" level="INFO">POST Request : url=http://localhost:8000/ues 
 path_url=/ues 
 headers={'User-Agent': 'python-requests/2.33.1', 'Accept-Encoding': 'gzip, deflate, zstd', 'Accept': '*/*', 'Connection': 'keep-alive', 'Content-Length': '12', 'Content-Type': 'application/json'} 
 body=b'{"ue_id": 1}' 
 </msg>
<msg time="2026-04-08T20:39:00.514767" level="INFO">POST Response : url=http://localhost:8000/ues 
 status=200, reason=OK 
 headers={'date': 'Wed, 08 Apr 2026 18:39:00 GMT', 'server': 'uvicorn', 'content-length': '31', 'content-type': 'application/json'} 
 body={"status":"attached","ue_id":1} 
 </msg>
<msg time="2026-04-08T20:39:00.514876" level="INFO">${response} = &lt;Response [200]&gt;</msg>
<var>${response}</var>
<arg>epc</arg>
<arg>/ues</arg>
<arg>json=${body}</arg>
<arg>expected_status=any</arg>
<doc>Sends a POST request on a previously created HTTP Session.</doc>
<status status="PASS" start="2026-04-08T20:39:00.462105" elapsed="0.052804"/>
</kw>
<kw name="Set Suite Variable" owner="BuiltIn">
<msg time="2026-04-08T20:39:00.515419" level="INFO">${RESPONSE} = &lt;Response [200]&gt;</msg>
<arg>${RESPONSE}</arg>
<arg>${response}</arg>
<doc>Makes a variable available everywhere within the scope of the current suite.</doc>
<status status="PASS" start="2026-04-08T20:39:00.515064" elapsed="0.000406"/>
</kw>
<status status="PASS" start="2026-04-08T20:39:00.461192" elapsed="0.054344"/>
</kw>
<kw name="Verify UE Is Attached">
<kw name="Should Be Equal As Integers" owner="BuiltIn">
<msg time="2026-04-08T20:39:00.516535" level="INFO">Argument types are:
&lt;class 'int'&gt;
&lt;class 'str'&gt;</msg>
<arg>${RESPONSE.status_code}</arg>
<arg>200</arg>
<doc>Fails if objects are unequal after converting them to integers.</doc>
<status status="PASS" start="2026-04-08T20:39:00.516045" elapsed="0.000552"/>
</kw>
<status status="PASS" start="2026-04-08T20:39:00.515817" elapsed="0.000837"/>
</kw>
<kw name="Reset Simulator" type="TEARDOWN">
<kw name="POST On Session" owner="RequestsLibrary">
<msg time="2026-04-08T20:39:00.528614" level="INFO">POST Request : url=http://localhost:8000/reset 
 path_url=/reset 
 headers={'User-Agent': 'python-requests/2.33.1', 'Accept-Encoding': 'gzip, deflate, zstd', 'Accept': '*/*', 'Connection': 'keep-alive', 'Content-Length': '0'} 
 body=None 
 </msg>
<msg time="2026-04-08T20:39:00.528745" level="INFO">POST Response : url=http://localhost:8000/reset 
 status=200, reason=OK 
 headers={'date': 'Wed, 08 Apr 2026 18:39:00 GMT', 'server': 'uvicorn', 'content-length': '18', 'content-type': 'application/json'} 
 body={"status":"reset"} 
 </msg>
<msg time="2026-04-08T20:39:00.528860" level="INFO">${response} = &lt;Response [200]&gt;</msg>
<var>${response}</var>
<arg>epc</arg>
<arg>/reset</arg>
<doc>Sends a POST request on a previously created HTTP Session.</doc>
<status status="PASS" start="2026-04-08T20:39:00.517211" elapsed="0.011677"/>
</kw>
<kw name="Should Be Equal As Integers" owner="BuiltIn">
<msg time="2026-04-08T20:39:00.529703" level="INFO">Argument types are:
&lt;class 'int'&gt;
&lt;class 'str'&gt;</msg>
<arg>${response.status_code}</arg>
<arg>200</arg>
<doc>Fails if objects are unequal after converting them to integers.</doc>
<status status="PASS" start="2026-04-08T20:39:00.529016" elapsed="0.000748"/>
</kw>
<status status="PASS" start="2026-04-08T20:39:00.516990" elapsed="0.012840"/>
</kw>
<tag>attach</tag>
<status status="PASS" start="2026-04-08T20:39:00.447729" elapsed="0.082312"/>
</test>
<status status="PASS" start="2026-04-08T20:39:00.258734" elapsed="0.272144"/>
</suite>
<statistics>
<total>
<stat pass="1" fail="0" skip="0">All Tests</stat>
</total>
<tag>
<stat pass="1" fail="0" skip="0">attach</stat>
</tag>
<suite>
<stat name="Epc Tests" id="s1" pass="1" fail="0" skip="0">Epc Tests</stat>
</suite>
</statistics>
<errors>
</errors>
</robot>
